2026-03-15T04:17:10.206+03:00  INFO 58902 --- [otp-bank] [main] com.bank.otp_bank.OtpBankApplication     : Starting OtpBankApplication using Java 21.0.10 with PID 58902 (/Users/davvk/Code/Java/SpringBoot/otp-bank/target/classes started by davvk in /Users/davvk/Code/Java/SpringBoot/otp-bank)
2026-03-15T04:17:10.211+03:00  INFO 58902 --- [otp-bank] [main] com.bank.otp_bank.OtpBankApplication     : No active profile set, falling back to 1 default profile: "default"
2026-03-15T04:17:10.635+03:00  INFO 58902 --- [otp-bank] [main] .s.d.r.c.RepositoryConfigurationDelegate : Bootstrapping Spring Data JPA repositories in DEFAULT mode.
2026-03-15T04:17:10.666+03:00  INFO 58902 --- [otp-bank] [main] .s.d.r.c.RepositoryConfigurationDelegate : Finished Spring Data repository scanning in 26 ms. Found 5 JPA repository interfaces.
2026-03-15T04:17:10.934+03:00  INFO 58902 --- [otp-bank] [main] o.s.boot.tomcat.TomcatWebServer          : Tomcat initialized with port 8080 (http)
2026-03-15T04:17:10.942+03:00  INFO 58902 --- [otp-bank] [main] o.apache.catalina.core.StandardService   : Starting service [Tomcat]
2026-03-15T04:17:10.942+03:00  INFO 58902 --- [otp-bank] [main] o.apache.catalina.core.StandardEngine    : Starting Servlet engine: [Apache Tomcat/11.0.18]
2026-03-15T04:17:10.968+03:00  INFO 58902 --- [otp-bank] [main] b.w.c.s.WebApplicationContextInitializer : Root WebApplicationContext: initialization completed in 725 ms
2026-03-15T04:17:11.048+03:00  INFO 58902 --- [otp-bank] [main] org.hibernate.orm.jpa                    : HHH008540: Processing PersistenceUnitInfo [name: default]
2026-03-15T04:17:11.079+03:00  INFO 58902 --- [otp-bank] [main] org.hibernate.orm.core                   : HHH000001: Hibernate ORM core version 7.2.4.Final
2026-03-15T04:17:11.276+03:00  INFO 58902 --- [otp-bank] [main] o.s.o.j.p.SpringPersistenceUnitInfo      : No LoadTimeWeaver setup: ignoring JPA class transformer
2026-03-15T04:17:11.294+03:00  INFO 58902 --- [otp-bank] [main] com.zaxxer.hikari.HikariDataSource       : HikariPool-1 - Starting...
2026-03-15T04:17:11.424+03:00  INFO 58902 --- [otp-bank] [main] com.zaxxer.hikari.pool.HikariPool        : HikariPool-1 - Added connection org.postgresql.jdbc.PgConnection@2cebf82f
2026-03-15T04:17:11.424+03:00  INFO 58902 --- [otp-bank] [main] com.zaxxer.hikari.HikariDataSource       : HikariPool-1 - Start completed.
2026-03-15T04:17:11.478+03:00  INFO 58902 --- [otp-bank] [main] org.hibernate.orm.connections.pooling    : HHH10001005: Database info:
	Database JDBC URL [jdbc:postgresql://localhost:5432/bank]
	Database driver: PostgreSQL JDBC Driver
	Database dialect: PostgreSQLDialect
	Database version: 16.13
	Default catalog/schema: bank/public
	Autocommit mode: undefined/unknown
	Isolation level: READ_COMMITTED [default READ_COMMITTED]
	JDBC fetch size: none
	Pool: DataSourceConnectionProvider
	Minimum pool size: undefined/unknown
	Maximum pool size: undefined/unknown
2026-03-15T04:17:11.981+03:00  INFO 58902 --- [otp-bank] [main] org.hibernate.orm.core                   : HHH000489: No JTA platform available (set 'hibernate.transaction.jta.platform' to enable JTA platform integration)
2026-03-15T04:17:12.038+03:00  INFO 58902 --- [otp-bank] [main] j.LocalContainerEntityManagerFactoryBean : Initialized JPA EntityManagerFactory for persistence unit 'default'
2026-03-15T04:17:12.072+03:00  INFO 58902 --- [otp-bank] [main] o.s.d.j.r.query.QueryEnhancerFactories   : Hibernate is in classpath; If applicable, HQL parser will be used.
2026-03-15T04:17:12.258+03:00  WARN 58902 --- [otp-bank] [main] JpaBaseConfiguration$JpaWebConfiguration : spring.jpa.open-in-view is enabled by default. Therefore, database queries may be performed during view rendering. Explicitly configure spring.jpa.open-in-view to disable this warning
2026-03-15T04:17:12.299+03:00  INFO 58902 --- [otp-bank] [main] r$InitializeUserDetailsManagerConfigurer : Global AuthenticationManager configured with UserDetailsService bean with name databaseUserDetailsService
2026-03-15T04:17:12.604+03:00  INFO 58902 --- [otp-bank] [main] o.s.boot.tomcat.TomcatWebServer          : Tomcat started on port 8080 (http) with context path '/'
2026-03-15T04:17:12.609+03:00  INFO 58902 --- [otp-bank] [main] com.bank.otp_bank.OtpBankApplication     : Started OtpBankApplication in 2.599 seconds (process running for 2.966)
2026-03-15T04:17:12.610+03:00  WARN 58902 --- [otp-bank] [main] o.s.core.events.SpringDocAppInitializer  : SpringDoc /v3/api-docs endpoint is enabled by default. To disable it in production, set the property 'springdoc.api-docs.enabled=false'
2026-03-15T04:17:12.610+03:00  WARN 58902 --- [otp-bank] [main] o.s.core.events.SpringDocAppInitializer  : SpringDoc /swagger-ui.html endpoint is enabled by default. To disable it in production, set the property 'springdoc.swagger-ui.enabled=false'
2026-03-15T04:17:17.971+03:00  INFO 58902 --- [otp-bank] [http-nio-8080-exec-1] o.a.c.c.C.[Tomcat].[localhost].[/]       : Initializing Spring DispatcherServlet 'dispatcherServlet'
2026-03-15T04:17:17.971+03:00  INFO 58902 --- [otp-bank] [http-nio-8080-exec-1] o.s.web.servlet.DispatcherServlet        : Initializing Servlet 'dispatcherServlet'
2026-03-15T04:17:17.973+03:00  INFO 58902 --- [otp-bank] [http-nio-8080-exec-1] o.s.web.servlet.DispatcherServlet        : Completed initialization in 1 ms
2026-03-15T04:17:18.396+03:00  INFO 58902 --- [otp-bank] [http-nio-8080-exec-5] o.springdoc.api.AbstractOpenApiResource  : Init duration for springdoc-openapi is: 128 ms
2026-03-15T04:17:22.004+03:00  INFO 58902 --- [otp-bank] [SpringApplicationShutdownHook] o.s.boot.tomcat.GracefulShutdown         : Commencing graceful shutdown. Waiting for active requests to complete
2026-03-15T04:17:22.014+03:00  INFO 58902 --- [otp-bank] [tomcat-shutdown] o.s.boot.tomcat.GracefulShutdown         : Graceful shutdown complete
2026-03-15T04:17:22.020+03:00  INFO 58902 --- [otp-bank] [SpringApplicationShutdownHook] j.LocalContainerEntityManagerFactoryBean : Closing JPA EntityManagerFactory for persistence unit 'default'
2026-03-15T04:17:22.023+03:00  INFO 58902 --- [otp-bank] [SpringApplicationShutdownHook] com.zaxxer.hikari.HikariDataSource       : HikariPool-1 - Shutdown initiated...
2026-03-15T04:17:22.024+03:00  INFO 58902 --- [otp-bank] [SpringApplicationShutdownHook] com.zaxxer.hikari.HikariDataSource       : HikariPool-1 - Shutdown completed.
2026-03-15T04:17:53.113+03:00  INFO 59162 --- [otp-bank] [main] com.bank.otp_bank.OtpBankApplication     : Starting OtpBankApplication using Java 21.0.10 with PID 59162 (/Users/davvk/Code/Java/SpringBoot/otp-bank/target/classes started by davvk in /Users/davvk/Code/Java/SpringBoot/otp-bank)
2026-03-15T04:17:53.115+03:00  INFO 59162 --- [otp-bank] [main] com.bank.otp_bank.OtpBankApplication     : No active profile set, falling back to 1 default profile: "default"
2026-03-15T04:17:53.496+03:00  INFO 59162 --- [otp-bank] [main] .s.d.r.c.RepositoryConfigurationDelegate : Bootstrapping Spring Data JPA repositories in DEFAULT mode.
2026-03-15T04:17:53.528+03:00  INFO 59162 --- [otp-bank] [main] .s.d.r.c.RepositoryConfigurationDelegate : Finished Spring Data repository scanning in 24 ms. Found 5 JPA repository interfaces.
2026-03-15T04:17:53.776+03:00  INFO 59162 --- [otp-bank] [main] o.s.boot.tomcat.TomcatWebServer          : Tomcat initialized with port 8080 (http)
2026-03-15T04:17:53.783+03:00  INFO 59162 --- [otp-bank] [main] o.apache.catalina.core.StandardService   : Starting service [Tomcat]
2026-03-15T04:17:53.783+03:00  INFO 59162 --- [otp-bank] [main] o.apache.catalina.core.StandardEngine    : Starting Servlet engine: [Apache Tomcat/11.0.18]
2026-03-15T04:17:53.809+03:00  INFO 59162 --- [otp-bank] [main] b.w.c.s.WebApplicationContextInitializer : Root WebApplicationContext: initialization completed in 669 ms
2026-03-15T04:17:53.880+03:00  INFO 59162 --- [otp-bank] [main] org.hibernate.orm.jpa                    : HHH008540: Processing PersistenceUnitInfo [name: default]
2026-03-15T04:17:53.912+03:00  INFO 59162 --- [otp-bank] [main] org.hibernate.orm.core                   : HHH000001: Hibernate ORM core version 7.2.4.Final
2026-03-15T04:17:54.097+03:00  INFO 59162 --- [otp-bank] [main] o.s.o.j.p.SpringPersistenceUnitInfo      : No LoadTimeWeaver setup: ignoring JPA class transformer
2026-03-15T04:17:54.113+03:00  INFO 59162 --- [otp-bank] [main] com.zaxxer.hikari.HikariDataSource       : HikariPool-1 - Starting...
2026-03-15T04:17:54.214+03:00  INFO 59162 --- [otp-bank] [main] com.zaxxer.hikari.pool.HikariPool        : HikariPool-1 - Added connection org.postgresql.jdbc.PgConnection@3856d0cb
2026-03-15T04:17:54.214+03:00  INFO 59162 --- [otp-bank] [main] com.zaxxer.hikari.HikariDataSource       : HikariPool-1 - Start completed.
2026-03-15T04:17:54.255+03:00  INFO 59162 --- [otp-bank] [main] org.hibernate.orm.connections.pooling    : HHH10001005: Database info:
	Database JDBC URL [jdbc:postgresql://localhost:5432/bank]
	Database driver: PostgreSQL JDBC Driver
	Database dialect: PostgreSQLDialect
	Database version: 16.13
	Default catalog/schema: bank/public
	Autocommit mode: undefined/unknown
	Isolation level: READ_COMMITTED [default READ_COMMITTED]
	JDBC fetch size: none
	Pool: DataSourceConnectionProvider
	Minimum pool size: undefined/unknown
	Maximum pool size: undefined/unknown
2026-03-15T04:17:54.804+03:00  INFO 59162 --- [otp-bank] [main] org.hibernate.orm.core                   : HHH000489: No JTA platform available (set 'hibernate.transaction.jta.platform' to enable JTA platform integration)
2026-03-15T04:17:54.863+03:00  WARN 59162 --- [otp-bank] [main] org.hibernate.orm.jdbc.warn              : HHH000247: ErrorCode: 0, SQLState: 00000
2026-03-15T04:17:54.863+03:00  WARN 59162 --- [otp-bank] [main] org.hibernate.orm.jdbc.warn              : constraint "uk6kplolsdtr3slnvx97xsy2kc8" of relation "accounts" does not exist, skipping
2026-03-15T04:17:54.866+03:00  WARN 59162 --- [otp-bank] [main] org.hibernate.orm.jdbc.warn              : HHH000247: ErrorCode: 0, SQLState: 00000
2026-03-15T04:17:54.866+03:00  WARN 59162 --- [otp-bank] [main] org.hibernate.orm.jdbc.warn              : constraint "uke4w4av1wrhanry7t6mxt42nou" of relation "accounts" does not exist, skipping
2026-03-15T04:17:54.868+03:00  WARN 59162 --- [otp-bank] [main] org.hibernate.orm.jdbc.warn              : HHH000247: ErrorCode: 0, SQLState: 00000
2026-03-15T04:17:54.868+03:00  WARN 59162 --- [otp-bank] [main] org.hibernate.orm.jdbc.warn              : constraint "ukqualp9iflk959u561wanavuj1" of relation "cards" does not exist, skipping
2026-03-15T04:17:54.870+03:00  WARN 59162 --- [otp-bank] [main] org.hibernate.orm.jdbc.warn              : HHH000247: ErrorCode: 0, SQLState: 00000
2026-03-15T04:17:54.870+03:00  WARN 59162 --- [otp-bank] [main] org.hibernate.orm.jdbc.warn              : constraint "ukghpmfn23vmxfu3spu3lfg4r2d" of relation "refresh_tokens" does not exist, skipping
2026-03-15T04:17:54.872+03:00  WARN 59162 --- [otp-bank] [main] org.hibernate.orm.jdbc.warn              : HHH000247: ErrorCode: 0, SQLState: 00000
2026-03-15T04:17:54.872+03:00  WARN 59162 --- [otp-bank] [main] org.hibernate.orm.jdbc.warn              : constraint "uk6dotkott2kjsp8vw4d0m25fb7" of relation "users" does not exist, skipping
2026-03-15T04:17:54.876+03:00  WARN 59162 --- [otp-bank] [main] org.hibernate.orm.jdbc.warn              : HHH000247: ErrorCode: 0, SQLState: 00000
2026-03-15T04:17:54.877+03:00  WARN 59162 --- [otp-bank] [main] org.hibernate.orm.jdbc.warn              : constraint "ukdu5v5sr43g5bfnji4vb8hg5s3" of relation "users" does not exist, skipping
2026-03-15T04:17:54.884+03:00  INFO 59162 --- [otp-bank] [main] j.LocalContainerEntityManagerFactoryBean : Initialized JPA EntityManagerFactory for persistence unit 'default'
2026-03-15T04:17:54.918+03:00  INFO 59162 --- [otp-bank] [main] o.s.d.j.r.query.QueryEnhancerFactories   : Hibernate is in classpath; If applicable, HQL parser will be used.
2026-03-15T04:17:55.097+03:00  WARN 59162 --- [otp-bank] [main] JpaBaseConfiguration$JpaWebConfiguration : spring.jpa.open-in-view is enabled by default. Therefore, database queries may be performed during view rendering. Explicitly configure spring.jpa.open-in-view to disable this warning
2026-03-15T04:17:55.144+03:00  INFO 59162 --- [otp-bank] [main] r$InitializeUserDetailsManagerConfigurer : Global AuthenticationManager configured with UserDetailsService bean with name databaseUserDetailsService
2026-03-15T04:17:55.443+03:00  INFO 59162 --- [otp-bank] [main] o.s.boot.tomcat.TomcatWebServer          : Tomcat started on port 8080 (http) with context path '/'
2026-03-15T04:17:55.447+03:00  INFO 59162 --- [otp-bank] [main] com.bank.otp_bank.OtpBankApplication     : Started OtpBankApplication in 2.512 seconds (process running for 2.828)
2026-03-15T04:17:55.449+03:00  WARN 59162 --- [otp-bank] [main] o.s.core.events.SpringDocAppInitializer  : SpringDoc /v3/api-docs endpoint is enabled by default. To disable it in production, set the property 'springdoc.api-docs.enabled=false'
2026-03-15T04:17:55.449+03:00  WARN 59162 --- [otp-bank] [main] o.s.core.events.SpringDocAppInitializer  : SpringDoc /swagger-ui.html endpoint is enabled by default. To disable it in production, set the property 'springdoc.swagger-ui.enabled=false'
2026-03-15T04:17:56.462+03:00  INFO 59162 --- [otp-bank] [http-nio-8080-exec-1] o.a.c.c.C.[Tomcat].[localhost].[/]       : Initializing Spring DispatcherServlet 'dispatcherServlet'
2026-03-15T04:17:56.462+03:00  INFO 59162 --- [otp-bank] [http-nio-8080-exec-1] o.s.web.servlet.DispatcherServlet        : Initializing Servlet 'dispatcherServlet'
2026-03-15T04:17:56.464+03:00  INFO 59162 --- [otp-bank] [http-nio-8080-exec-1] o.s.web.servlet.DispatcherServlet        : Completed initialization in 2 ms
2026-03-15T04:17:56.780+03:00  INFO 59162 --- [otp-bank] [http-nio-8080-exec-5] o.springdoc.api.AbstractOpenApiResource  : Init duration for springdoc-openapi is: 140 ms
2026-03-15T04:19:24.029+03:00  INFO 59162 --- [otp-bank] [SpringApplicationShutdownHook] o.s.boot.tomcat.GracefulShutdown         : Commencing graceful shutdown. Waiting for active requests to complete
2026-03-15T04:19:24.040+03:00  INFO 59162 --- [otp-bank] [tomcat-shutdown] o.s.boot.tomcat.GracefulShutdown         : Graceful shutdown complete
2026-03-15T04:19:24.047+03:00  INFO 59162 --- [otp-bank] [SpringApplicationShutdownHook] j.LocalContainerEntityManagerFactoryBean : Closing JPA EntityManagerFactory for persistence unit 'default'
2026-03-15T04:19:24.053+03:00  INFO 59162 --- [otp-bank] [SpringApplicationShutdownHook] com.zaxxer.hikari.HikariDataSource       : HikariPool-1 - Shutdown initiated...
2026-03-15T04:19:24.055+03:00  INFO 59162 --- [otp-bank] [SpringApplicationShutdownHook] com.zaxxer.hikari.HikariDataSource       : HikariPool-1 - Shutdown completed.
2026-03-15T04:22:49.837+03:00  INFO 59633 --- [otp-bank] [main] com.bank.otp_bank.OtpBankApplication     : Starting OtpBankApplication using Java 21.0.10 with PID 59633 (/Users/davvk/Code/Java/SpringBoot/otp-bank/target/classes started by davvk in /Users/davvk/Code/Java/SpringBoot/otp-bank)
2026-03-15T04:22:49.839+03:00  INFO 59633 --- [otp-bank] [main] com.bank.otp_bank.OtpBankApplication     : No active profile set, falling back to 1 default profile: "default"
2026-03-15T04:22:50.243+03:00  INFO 59633 --- [otp-bank] [main] .s.d.r.c.RepositoryConfigurationDelegate : Bootstrapping Spring Data JPA repositories in DEFAULT mode.
2026-03-15T04:22:50.273+03:00  INFO 59633 --- [otp-bank] [main] .s.d.r.c.RepositoryConfigurationDelegate : Finished Spring Data repository scanning in 25 ms. Found 5 JPA repository interfaces.
2026-03-15T04:22:50.541+03:00  INFO 59633 --- [otp-bank] [main] o.s.boot.tomcat.TomcatWebServer          : Tomcat initialized with port 8080 (http)
2026-03-15T04:22:50.549+03:00  INFO 59633 --- [otp-bank] [main] o.apache.catalina.core.StandardService   : Starting service [Tomcat]
2026-03-15T04:22:50.549+03:00  INFO 59633 --- [otp-bank] [main] o.apache.catalina.core.StandardEngine    : Starting Servlet engine: [Apache Tomcat/11.0.18]
2026-03-15T04:22:50.579+03:00  INFO 59633 --- [otp-bank] [main] b.w.c.s.WebApplicationContextInitializer : Root WebApplicationContext: initialization completed in 712 ms
2026-03-15T04:22:50.676+03:00  INFO 59633 --- [otp-bank] [main] org.hibernate.orm.jpa                    : HHH008540: Processing PersistenceUnitInfo [name: default]
2026-03-15T04:22:50.704+03:00  INFO 59633 --- [otp-bank] [main] org.hibernate.orm.core                   : HHH000001: Hibernate ORM core version 7.2.4.Final
2026-03-15T04:22:51.032+03:00  INFO 59633 --- [otp-bank] [main] o.s.o.j.p.SpringPersistenceUnitInfo      : No LoadTimeWeaver setup: ignoring JPA class transformer
2026-03-15T04:22:51.059+03:00  INFO 59633 --- [otp-bank] [main] com.zaxxer.hikari.HikariDataSource       : HikariPool-1 - Starting...
2026-03-15T04:22:51.219+03:00  INFO 59633 --- [otp-bank] [main] com.zaxxer.hikari.pool.HikariPool        : HikariPool-1 - Added connection org.postgresql.jdbc.PgConnection@5f82209e
2026-03-15T04:22:51.220+03:00  INFO 59633 --- [otp-bank] [main] com.zaxxer.hikari.HikariDataSource       : HikariPool-1 - Start completed.
2026-03-15T04:22:51.262+03:00  INFO 59633 --- [otp-bank] [main] org.hibernate.orm.connections.pooling    : HHH10001005: Database info:
	Database JDBC URL [jdbc:postgresql://localhost:5432/bank]
	Database driver: PostgreSQL JDBC Driver
	Database dialect: PostgreSQLDialect
	Database version: 16.13
	Default catalog/schema: bank/public
	Autocommit mode: undefined/unknown
	Isolation level: READ_COMMITTED [default READ_COMMITTED]
	JDBC fetch size: none
	Pool: DataSourceConnectionProvider
	Minimum pool size: undefined/unknown
	Maximum pool size: undefined/unknown
2026-03-15T04:22:51.761+03:00  INFO 59633 --- [otp-bank] [main] org.hibernate.orm.core                   : HHH000489: No JTA platform available (set 'hibernate.transaction.jta.platform' to enable JTA platform integration)
2026-03-15T04:22:51.810+03:00  INFO 59633 --- [otp-bank] [main] j.LocalContainerEntityManagerFactoryBean : Initialized JPA EntityManagerFactory for persistence unit 'default'
2026-03-15T04:22:51.844+03:00  INFO 59633 --- [otp-bank] [main] o.s.d.j.r.query.QueryEnhancerFactories   : Hibernate is in classpath; If applicable, HQL parser will be used.
2026-03-15T04:22:52.028+03:00  WARN 59633 --- [otp-bank] [main] JpaBaseConfiguration$JpaWebConfiguration : spring.jpa.open-in-view is enabled by default. Therefore, database queries may be performed during view rendering. Explicitly configure spring.jpa.open-in-view to disable this warning
2026-03-15T04:22:52.068+03:00  INFO 59633 --- [otp-bank] [main] r$InitializeUserDetailsManagerConfigurer : Global AuthenticationManager configured with UserDetailsService bean with name databaseUserDetailsService
2026-03-15T04:22:52.368+03:00  INFO 59633 --- [otp-bank] [main] o.s.boot.tomcat.TomcatWebServer          : Tomcat started on port 8080 (http) with context path '/'
2026-03-15T04:22:52.372+03:00  INFO 59633 --- [otp-bank] [main] com.bank.otp_bank.OtpBankApplication     : Started OtpBankApplication in 2.717 seconds (process running for 3.029)
2026-03-15T04:22:52.374+03:00  WARN 59633 --- [otp-bank] [main] o.s.core.events.SpringDocAppInitializer  : SpringDoc /v3/api-docs endpoint is enabled by default. To disable it in production, set the property 'springdoc.api-docs.enabled=false'
2026-03-15T04:22:52.374+03:00  WARN 59633 --- [otp-bank] [main] o.s.core.events.SpringDocAppInitializer  : SpringDoc /swagger-ui.html endpoint is enabled by default. To disable it in production, set the property 'springdoc.swagger-ui.enabled=false'
2026-03-15T04:23:12.096+03:00  INFO 59633 --- [otp-bank] [http-nio-8080-exec-1] o.a.c.c.C.[Tomcat].[localhost].[/]       : Initializing Spring DispatcherServlet 'dispatcherServlet'
2026-03-15T04:23:12.098+03:00  INFO 59633 --- [otp-bank] [http-nio-8080-exec-1] o.s.web.servlet.DispatcherServlet        : Initializing Servlet 'dispatcherServlet'
2026-03-15T04:23:12.103+03:00  INFO 59633 --- [otp-bank] [http-nio-8080-exec-1] o.s.web.servlet.DispatcherServlet        : Completed initialization in 5 ms
2026-03-15T04:23:12.541+03:00  INFO 59633 --- [otp-bank] [http-nio-8080-exec-5] o.springdoc.api.AbstractOpenApiResource  : Init duration for springdoc-openapi is: 160 ms
2026-03-15T04:23:49.744+03:00  INFO 59633 --- [otp-bank] [SpringApplicationShutdownHook] o.s.boot.tomcat.GracefulShutdown         : Commencing graceful shutdown. Waiting for active requests to complete
2026-03-15T04:23:49.751+03:00  INFO 59633 --- [otp-bank] [tomcat-shutdown] o.s.boot.tomcat.GracefulShutdown         : Graceful shutdown complete
2026-03-15T04:23:49.762+03:00  INFO 59633 --- [otp-bank] [SpringApplicationShutdownHook] j.LocalContainerEntityManagerFactoryBean : Closing JPA EntityManagerFactory for persistence unit 'default'
2026-03-15T04:23:49.765+03:00  INFO 59633 --- [otp-bank] [SpringApplicationShutdownHook] com.zaxxer.hikari.HikariDataSource       : HikariPool-1 - Shutdown initiated...
2026-03-15T04:23:49.767+03:00  INFO 59633 --- [otp-bank] [SpringApplicationShutdownHook] com.zaxxer.hikari.HikariDataSource       : HikariPool-1 - Shutdown completed.
2026-03-15T04:24:00.944+03:00  INFO 59907 --- [otp-bank] [main] com.bank.otp_bank.OtpBankApplication     : Starting OtpBankApplication using Java 21.0.10 with PID 59907 (/Users/davvk/Code/Java/SpringBoot/otp-bank/target/classes started by davvk in /Users/davvk/Code/Java/SpringBoot/otp-bank)
2026-03-15T04:24:00.946+03:00  INFO 59907 --- [otp-bank] [main] com.bank.otp_bank.OtpBankApplication     : No active profile set, falling back to 1 default profile: "default"
2026-03-15T04:24:01.384+03:00  INFO 59907 --- [otp-bank] [main] .s.d.r.c.RepositoryConfigurationDelegate : Bootstrapping Spring Data JPA repositories in DEFAULT mode.
2026-03-15T04:24:01.418+03:00  INFO 59907 --- [otp-bank] [main] .s.d.r.c.RepositoryConfigurationDelegate : Finished Spring Data repository scanning in 29 ms. Found 5 JPA repository interfaces.
2026-03-15T04:24:01.688+03:00  INFO 59907 --- [otp-bank] [main] o.s.boot.tomcat.TomcatWebServer          : Tomcat initialized with port 8080 (http)
2026-03-15T04:24:01.695+03:00  INFO 59907 --- [otp-bank] [main] o.apache.catalina.core.StandardService   : Starting service [Tomcat]
2026-03-15T04:24:01.696+03:00  INFO 59907 --- [otp-bank] [main] o.apache.catalina.core.StandardEngine    : Starting Servlet engine: [Apache Tomcat/11.0.18]
2026-03-15T04:24:01.720+03:00  INFO 59907 --- [otp-bank] [main] b.w.c.s.WebApplicationContextInitializer : Root WebApplicationContext: initialization completed in 746 ms
2026-03-15T04:24:01.794+03:00  INFO 59907 --- [otp-bank] [main] org.hibernate.orm.jpa                    : HHH008540: Processing PersistenceUnitInfo [name: default]
2026-03-15T04:24:01.830+03:00  INFO 59907 --- [otp-bank] [main] org.hibernate.orm.core                   : HHH000001: Hibernate ORM core version 7.2.4.Final
2026-03-15T04:24:02.043+03:00  INFO 59907 --- [otp-bank] [main] o.s.o.j.p.SpringPersistenceUnitInfo      : No LoadTimeWeaver setup: ignoring JPA class transformer
2026-03-15T04:24:02.066+03:00  INFO 59907 --- [otp-bank] [main] com.zaxxer.hikari.HikariDataSource       : HikariPool-1 - Starting...
2026-03-15T04:24:02.163+03:00  INFO 59907 --- [otp-bank] [main] com.zaxxer.hikari.pool.HikariPool        : HikariPool-1 - Added connection org.postgresql.jdbc.PgConnection@5f82209e
2026-03-15T04:24:02.163+03:00  INFO 59907 --- [otp-bank] [main] com.zaxxer.hikari.HikariDataSource       : HikariPool-1 - Start completed.
2026-03-15T04:24:02.205+03:00  INFO 59907 --- [otp-bank] [main] org.hibernate.orm.connections.pooling    : HHH10001005: Database info:
	Database JDBC URL [jdbc:postgresql://localhost:5432/bank]
	Database driver: PostgreSQL JDBC Driver
	Database dialect: PostgreSQLDialect
	Database version: 16.13
	Default catalog/schema: bank/public
	Autocommit mode: undefined/unknown
	Isolation level: READ_COMMITTED [default READ_COMMITTED]
	JDBC fetch size: none
	Pool: DataSourceConnectionProvider
	Minimum pool size: undefined/unknown
	Maximum pool size: undefined/unknown
2026-03-15T04:24:02.705+03:00  INFO 59907 --- [otp-bank] [main] org.hibernate.orm.core                   : HHH000489: No JTA platform available (set 'hibernate.transaction.jta.platform' to enable JTA platform integration)
2026-03-15T04:24:02.751+03:00  INFO 59907 --- [otp-bank] [main] j.LocalContainerEntityManagerFactoryBean : Initialized JPA EntityManagerFactory for persistence unit 'default'
2026-03-15T04:24:02.783+03:00  INFO 59907 --- [otp-bank] [main] o.s.d.j.r.query.QueryEnhancerFactories   : Hibernate is in classpath; If applicable, HQL parser will be used.
2026-03-15T04:24:02.958+03:00  WARN 59907 --- [otp-bank] [main] JpaBaseConfiguration$JpaWebConfiguration : spring.jpa.open-in-view is enabled by default. Therefore, database queries may be performed during view rendering. Explicitly configure spring.jpa.open-in-view to disable this warning
2026-03-15T04:24:02.998+03:00  INFO 59907 --- [otp-bank] [main] r$InitializeUserDetailsManagerConfigurer : Global AuthenticationManager configured with UserDetailsService bean with name databaseUserDetailsService
2026-03-15T04:24:03.281+03:00  INFO 59907 --- [otp-bank] [main] o.s.boot.tomcat.TomcatWebServer          : Tomcat started on port 8080 (http) with context path '/'
2026-03-15T04:24:03.285+03:00  INFO 59907 --- [otp-bank] [main] com.bank.otp_bank.OtpBankApplication     : Started OtpBankApplication in 2.539 seconds (process running for 2.911)
2026-03-15T04:24:03.287+03:00  WARN 59907 --- [otp-bank] [main] o.s.core.events.SpringDocAppInitializer  : SpringDoc /v3/api-docs endpoint is enabled by default. To disable it in production, set the property 'springdoc.api-docs.enabled=false'
2026-03-15T04:24:03.287+03:00  WARN 59907 --- [otp-bank] [main] o.s.core.events.SpringDocAppInitializer  : SpringDoc /swagger-ui.html endpoint is enabled by default. To disable it in production, set the property 'springdoc.swagger-ui.enabled=false'
2026-03-15T04:24:09.808+03:00  INFO 59907 --- [otp-bank] [http-nio-8080-exec-1] o.a.c.c.C.[Tomcat].[localhost].[/]       : Initializing Spring DispatcherServlet 'dispatcherServlet'
2026-03-15T04:24:09.809+03:00  INFO 59907 --- [otp-bank] [http-nio-8080-exec-1] o.s.web.servlet.DispatcherServlet        : Initializing Servlet 'dispatcherServlet'
2026-03-15T04:24:09.812+03:00  INFO 59907 --- [otp-bank] [http-nio-8080-exec-1] o.s.web.servlet.DispatcherServlet        : Completed initialization in 3 ms
2026-03-15T04:24:10.209+03:00  INFO 59907 --- [otp-bank] [http-nio-8080-exec-5] o.springdoc.api.AbstractOpenApiResource  : Init duration for springdoc-openapi is: 136 ms
2026-03-15T04:26:39.529+03:00  INFO 59907 --- [otp-bank] [SpringApplicationShutdownHook] o.s.boot.tomcat.GracefulShutdown         : Commencing graceful shutdown. Waiting for active requests to complete
2026-03-15T04:26:39.534+03:00  INFO 59907 --- [otp-bank] [tomcat-shutdown] o.s.boot.tomcat.GracefulShutdown         : Graceful shutdown complete
2026-03-15T04:26:39.543+03:00  INFO 59907 --- [otp-bank] [SpringApplicationShutdownHook] j.LocalContainerEntityManagerFactoryBean : Closing JPA EntityManagerFactory for persistence unit 'default'
2026-03-15T04:26:39.546+03:00  INFO 59907 --- [otp-bank] [SpringApplicationShutdownHook] com.zaxxer.hikari.HikariDataSource       : HikariPool-1 - Shutdown initiated...
2026-03-15T04:26:39.548+03:00  INFO 59907 --- [otp-bank] [SpringApplicationShutdownHook] com.zaxxer.hikari.HikariDataSource       : HikariPool-1 - Shutdown completed.
2026-03-15T04:26:49.340+03:00  INFO 60312 --- [otp-bank] [main] com.bank.otp_bank.OtpBankApplication     : Starting OtpBankApplication using Java 21.0.10 with PID 60312 (/Users/davvk/Code/Java/SpringBoot/otp-bank/target/classes started by davvk in /Users/davvk/Code/Java/SpringBoot/otp-bank)
2026-03-15T04:26:49.341+03:00  INFO 60312 --- [otp-bank] [main] com.bank.otp_bank.OtpBankApplication     : No active profile set, falling back to 1 default profile: "default"
2026-03-15T04:26:49.845+03:00  INFO 60312 --- [otp-bank] [main] .s.d.r.c.RepositoryConfigurationDelegate : Bootstrapping Spring Data JPA repositories in DEFAULT mode.
2026-03-15T04:26:49.875+03:00  INFO 60312 --- [otp-bank] [main] .s.d.r.c.RepositoryConfigurationDelegate : Finished Spring Data repository scanning in 26 ms. Found 5 JPA repository interfaces.
2026-03-15T04:26:50.226+03:00  INFO 60312 --- [otp-bank] [main] o.s.boot.tomcat.TomcatWebServer          : Tomcat initialized with port 8080 (http)
2026-03-15T04:26:50.235+03:00  INFO 60312 --- [otp-bank] [main] o.apache.catalina.core.StandardService   : Starting service [Tomcat]
2026-03-15T04:26:50.236+03:00  INFO 60312 --- [otp-bank] [main] o.apache.catalina.core.StandardEngine    : Starting Servlet engine: [Apache Tomcat/11.0.18]
2026-03-15T04:26:50.261+03:00  INFO 60312 --- [otp-bank] [main] b.w.c.s.WebApplicationContextInitializer : Root WebApplicationContext: initialization completed in 894 ms
2026-03-15T04:26:50.353+03:00  INFO 60312 --- [otp-bank] [main] org.hibernate.orm.jpa                    : HHH008540: Processing PersistenceUnitInfo [name: default]
2026-03-15T04:26:50.398+03:00  INFO 60312 --- [otp-bank] [main] org.hibernate.orm.core                   : HHH000001: Hibernate ORM core version 7.2.4.Final
2026-03-15T04:26:50.622+03:00  INFO 60312 --- [otp-bank] [main] o.s.o.j.p.SpringPersistenceUnitInfo      : No LoadTimeWeaver setup: ignoring JPA class transformer
2026-03-15T04:26:50.640+03:00  INFO 60312 --- [otp-bank] [main] com.zaxxer.hikari.HikariDataSource       : HikariPool-1 - Starting...
2026-03-15T04:26:50.758+03:00  INFO 60312 --- [otp-bank] [main] com.zaxxer.hikari.pool.HikariPool        : HikariPool-1 - Added connection org.postgresql.jdbc.PgConnection@73e399cc
2026-03-15T04:26:50.759+03:00  INFO 60312 --- [otp-bank] [main] com.zaxxer.hikari.HikariDataSource       : HikariPool-1 - Start completed.
2026-03-15T04:26:50.803+03:00  INFO 60312 --- [otp-bank] [main] org.hibernate.orm.connections.pooling    : HHH10001005: Database info:
	Database JDBC URL [jdbc:postgresql://localhost:5432/bank]
	Database driver: PostgreSQL JDBC Driver
	Database dialect: PostgreSQLDialect
	Database version: 16.13
	Default catalog/schema: bank/public
	Autocommit mode: undefined/unknown
	Isolation level: READ_COMMITTED [default READ_COMMITTED]
	JDBC fetch size: none
	Pool: DataSourceConnectionProvider
	Minimum pool size: undefined/unknown
	Maximum pool size: undefined/unknown
2026-03-15T04:26:51.353+03:00  INFO 60312 --- [otp-bank] [main] org.hibernate.orm.core                   : HHH000489: No JTA platform available (set 'hibernate.transaction.jta.platform' to enable JTA platform integration)
2026-03-15T04:26:51.408+03:00  INFO 60312 --- [otp-bank] [main] j.LocalContainerEntityManagerFactoryBean : Initialized JPA EntityManagerFactory for persistence unit 'default'
2026-03-15T04:26:51.441+03:00  INFO 60312 --- [otp-bank] [main] o.s.d.j.r.query.QueryEnhancerFactories   : Hibernate is in classpath; If applicable, HQL parser will be used.
2026-03-15T04:26:51.630+03:00  WARN 60312 --- [otp-bank] [main] JpaBaseConfiguration$JpaWebConfiguration : spring.jpa.open-in-view is enabled by default. Therefore, database queries may be performed during view rendering. Explicitly configure spring.jpa.open-in-view to disable this warning
2026-03-15T04:26:51.674+03:00  INFO 60312 --- [otp-bank] [main] r$InitializeUserDetailsManagerConfigurer : Global AuthenticationManager configured with UserDetailsService bean with name databaseUserDetailsService
2026-03-15T04:26:51.970+03:00  INFO 60312 --- [otp-bank] [main] o.s.boot.tomcat.TomcatWebServer          : Tomcat started on port 8080 (http) with context path '/'
2026-03-15T04:26:51.974+03:00  INFO 60312 --- [otp-bank] [main] com.bank.otp_bank.OtpBankApplication     : Started OtpBankApplication in 2.831 seconds (process running for 3.207)
2026-03-15T04:26:51.976+03:00  WARN 60312 --- [otp-bank] [main] o.s.core.events.SpringDocAppInitializer  : SpringDoc /v3/api-docs endpoint is enabled by default. To disable it in production, set the property 'springdoc.api-docs.enabled=false'
2026-03-15T04:26:51.976+03:00  WARN 60312 --- [otp-bank] [main] o.s.core.events.SpringDocAppInitializer  : SpringDoc /swagger-ui.html endpoint is enabled by default. To disable it in production, set the property 'springdoc.swagger-ui.enabled=false'
2026-03-15T04:27:00.007+03:00  INFO 60312 --- [otp-bank] [http-nio-8080-exec-1] o.a.c.c.C.[Tomcat].[localhost].[/]       : Initializing Spring DispatcherServlet 'dispatcherServlet'
2026-03-15T04:27:00.008+03:00  INFO 60312 --- [otp-bank] [http-nio-8080-exec-1] o.s.web.servlet.DispatcherServlet        : Initializing Servlet 'dispatcherServlet'
2026-03-15T04:27:00.012+03:00  INFO 60312 --- [otp-bank] [http-nio-8080-exec-1] o.s.web.servlet.DispatcherServlet        : Completed initialization in 3 ms
2026-03-15T04:27:00.414+03:00  INFO 60312 --- [otp-bank] [http-nio-8080-exec-5] o.springdoc.api.AbstractOpenApiResource  : Init duration for springdoc-openapi is: 134 ms
2026-03-15T04:37:30.909+03:00  INFO 60312 --- [otp-bank] [SpringApplicationShutdownHook] o.s.boot.tomcat.GracefulShutdown         : Commencing graceful shutdown. Waiting for active requests to complete
2026-03-15T04:37:30.920+03:00  INFO 60312 --- [otp-bank] [tomcat-shutdown] o.s.boot.tomcat.GracefulShutdown         : Graceful shutdown complete
2026-03-15T04:37:30.945+03:00  INFO 60312 --- [otp-bank] [SpringApplicationShutdownHook] j.LocalContainerEntityManagerFactoryBean : Closing JPA EntityManagerFactory for persistence unit 'default'
2026-03-15T04:37:30.951+03:00  INFO 60312 --- [otp-bank] [SpringApplicationShutdownHook] com.zaxxer.hikari.HikariDataSource       : HikariPool-1 - Shutdown initiated...
2026-03-15T04:37:30.954+03:00  INFO 60312 --- [otp-bank] [SpringApplicationShutdownHook] com.zaxxer.hikari.HikariDataSource       : HikariPool-1 - Shutdown completed.
2026-03-15T04:37:54.404+03:00  INFO 61558 --- [otp-bank] [main] com.bank.otp_bank.OtpBankApplication     : Starting OtpBankApplication using Java 21.0.10 with PID 61558 (/Users/davvk/Code/Java/SpringBoot/otp-bank/target/classes started by davvk in /Users/davvk/Code/Java/SpringBoot/otp-bank)
2026-03-15T04:37:54.405+03:00  INFO 61558 --- [otp-bank] [main] com.bank.otp_bank.OtpBankApplication     : No active profile set, falling back to 1 default profile: "default"
2026-03-15T04:37:54.832+03:00  INFO 61558 --- [otp-bank] [main] .s.d.r.c.RepositoryConfigurationDelegate : Bootstrapping Spring Data JPA repositories in DEFAULT mode.
2026-03-15T04:37:54.863+03:00  INFO 61558 --- [otp-bank] [main] .s.d.r.c.RepositoryConfigurationDelegate : Finished Spring Data repository scanning in 24 ms. Found 5 JPA repository interfaces.
2026-03-15T04:37:55.128+03:00  INFO 61558 --- [otp-bank] [main] o.s.boot.tomcat.TomcatWebServer          : Tomcat initialized with port 8080 (http)
2026-03-15T04:37:55.135+03:00  INFO 61558 --- [otp-bank] [main] o.apache.catalina.core.StandardService   : Starting service [Tomcat]
2026-03-15T04:37:55.135+03:00  INFO 61558 --- [otp-bank] [main] o.apache.catalina.core.StandardEngine    : Starting Servlet engine: [Apache Tomcat/11.0.18]
2026-03-15T04:37:55.160+03:00  INFO 61558 --- [otp-bank] [main] b.w.c.s.WebApplicationContextInitializer : Root WebApplicationContext: initialization completed in 727 ms
2026-03-15T04:37:55.235+03:00  INFO 61558 --- [otp-bank] [main] org.hibernate.orm.jpa                    : HHH008540: Processing PersistenceUnitInfo [name: default]
2026-03-15T04:37:55.271+03:00  INFO 61558 --- [otp-bank] [main] org.hibernate.orm.core                   : HHH000001: Hibernate ORM core version 7.2.4.Final
2026-03-15T04:37:55.524+03:00  INFO 61558 --- [otp-bank] [main] o.s.o.j.p.SpringPersistenceUnitInfo      : No LoadTimeWeaver setup: ignoring JPA class transformer
2026-03-15T04:37:55.542+03:00  INFO 61558 --- [otp-bank] [main] com.zaxxer.hikari.HikariDataSource       : HikariPool-1 - Starting...
2026-03-15T04:37:55.661+03:00  INFO 61558 --- [otp-bank] [main] com.zaxxer.hikari.pool.HikariPool        : HikariPool-1 - Added connection org.postgresql.jdbc.PgConnection@73e399cc
2026-03-15T04:37:55.661+03:00  INFO 61558 --- [otp-bank] [main] com.zaxxer.hikari.HikariDataSource       : HikariPool-1 - Start completed.
2026-03-15T04:37:55.705+03:00  INFO 61558 --- [otp-bank] [main] org.hibernate.orm.connections.pooling    : HHH10001005: Database info:
	Database JDBC URL [jdbc:postgresql://localhost:5432/bank]
	Database driver: PostgreSQL JDBC Driver
	Database dialect: PostgreSQLDialect
	Database version: 16.13
	Default catalog/schema: bank/public
	Autocommit mode: undefined/unknown
	Isolation level: READ_COMMITTED [default READ_COMMITTED]
	JDBC fetch size: none
	Pool: DataSourceConnectionProvider
	Minimum pool size: undefined/unknown
	Maximum pool size: undefined/unknown
2026-03-15T04:37:56.220+03:00  INFO 61558 --- [otp-bank] [main] org.hibernate.orm.core                   : HHH000489: No JTA platform available (set 'hibernate.transaction.jta.platform' to enable JTA platform integration)
2026-03-15T04:37:56.270+03:00  WARN 61558 --- [otp-bank] [main] org.hibernate.orm.jdbc.warn              : HHH000247: ErrorCode: 0, SQLState: 00000
2026-03-15T04:37:56.270+03:00  WARN 61558 --- [otp-bank] [main] org.hibernate.orm.jdbc.warn              : constraint "uk6kplolsdtr3slnvx97xsy2kc8" of relation "accounts" does not exist, skipping
2026-03-15T04:37:56.273+03:00  WARN 61558 --- [otp-bank] [main] org.hibernate.orm.jdbc.warn              : HHH000247: ErrorCode: 0, SQLState: 00000
2026-03-15T04:37:56.273+03:00  WARN 61558 --- [otp-bank] [main] org.hibernate.orm.jdbc.warn              : constraint "uke4w4av1wrhanry7t6mxt42nou" of relation "accounts" does not exist, skipping
2026-03-15T04:37:56.275+03:00  WARN 61558 --- [otp-bank] [main] org.hibernate.orm.jdbc.warn              : HHH000247: ErrorCode: 0, SQLState: 00000
2026-03-15T04:37:56.275+03:00  WARN 61558 --- [otp-bank] [main] org.hibernate.orm.jdbc.warn              : constraint "ukqualp9iflk959u561wanavuj1" of relation "cards" does not exist, skipping
2026-03-15T04:37:56.277+03:00  WARN 61558 --- [otp-bank] [main] org.hibernate.orm.jdbc.warn              : HHH000247: ErrorCode: 0, SQLState: 00000
2026-03-15T04:37:56.277+03:00  WARN 61558 --- [otp-bank] [main] org.hibernate.orm.jdbc.warn              : constraint "ukghpmfn23vmxfu3spu3lfg4r2d" of relation "refresh_tokens" does not exist, skipping
2026-03-15T04:37:56.279+03:00  WARN 61558 --- [otp-bank] [main] org.hibernate.orm.jdbc.warn              : HHH000247: ErrorCode: 0, SQLState: 00000
2026-03-15T04:37:56.279+03:00  WARN 61558 --- [otp-bank] [main] org.hibernate.orm.jdbc.warn              : constraint "uk6dotkott2kjsp8vw4d0m25fb7" of relation "users" does not exist, skipping
2026-03-15T04:37:56.281+03:00  WARN 61558 --- [otp-bank] [main] org.hibernate.orm.jdbc.warn              : HHH000247: ErrorCode: 0, SQLState: 00000
2026-03-15T04:37:56.281+03:00  WARN 61558 --- [otp-bank] [main] org.hibernate.orm.jdbc.warn              : constraint "ukdu5v5sr43g5bfnji4vb8hg5s3" of relation "users" does not exist, skipping
2026-03-15T04:37:56.290+03:00  INFO 61558 --- [otp-bank] [main] j.LocalContainerEntityManagerFactoryBean : Initialized JPA EntityManagerFactory for persistence unit 'default'
2026-03-15T04:37:56.327+03:00  INFO 61558 --- [otp-bank] [main] o.s.d.j.r.query.QueryEnhancerFactories   : Hibernate is in classpath; If applicable, HQL parser will be used.
2026-03-15T04:37:56.519+03:00  WARN 61558 --- [otp-bank] [main] JpaBaseConfiguration$JpaWebConfiguration : spring.jpa.open-in-view is enabled by default. Therefore, database queries may be performed during view rendering. Explicitly configure spring.jpa.open-in-view to disable this warning
2026-03-15T04:37:56.560+03:00  INFO 61558 --- [otp-bank] [main] r$InitializeUserDetailsManagerConfigurer : Global AuthenticationManager configured with UserDetailsService bean with name databaseUserDetailsService
2026-03-15T04:37:56.839+03:00  INFO 61558 --- [otp-bank] [main] o.s.boot.tomcat.TomcatWebServer          : Tomcat started on port 8080 (http) with context path '/'
2026-03-15T04:37:56.844+03:00  INFO 61558 --- [otp-bank] [main] com.bank.otp_bank.OtpBankApplication     : Started OtpBankApplication in 2.637 seconds (process running for 3.029)
2026-03-15T04:37:56.845+03:00  WARN 61558 --- [otp-bank] [main] o.s.core.events.SpringDocAppInitializer  : SpringDoc /v3/api-docs endpoint is enabled by default. To disable it in production, set the property 'springdoc.api-docs.enabled=false'
2026-03-15T04:37:56.845+03:00  WARN 61558 --- [otp-bank] [main] o.s.core.events.SpringDocAppInitializer  : SpringDoc /swagger-ui.html endpoint is enabled by default. To disable it in production, set the property 'springdoc.swagger-ui.enabled=false'
2026-03-15T04:37:58.418+03:00  INFO 61558 --- [otp-bank] [http-nio-8080-exec-1] o.a.c.c.C.[Tomcat].[localhost].[/]       : Initializing Spring DispatcherServlet 'dispatcherServlet'
2026-03-15T04:37:58.418+03:00  INFO 61558 --- [otp-bank] [http-nio-8080-exec-1] o.s.web.servlet.DispatcherServlet        : Initializing Servlet 'dispatcherServlet'
2026-03-15T04:37:58.419+03:00  INFO 61558 --- [otp-bank] [http-nio-8080-exec-1] o.s.web.servlet.DispatcherServlet        : Completed initialization in 1 ms
2026-03-15T04:37:58.781+03:00  INFO 61558 --- [otp-bank] [http-nio-8080-exec-5] o.springdoc.api.AbstractOpenApiResource  : Init duration for springdoc-openapi is: 131 ms
2026-03-15T04:44:01.525+03:00  INFO 61558 --- [otp-bank] [SpringApplicationShutdownHook] o.s.boot.tomcat.GracefulShutdown         : Commencing graceful shutdown. Waiting for active requests to complete
2026-03-15T04:44:01.541+03:00  INFO 61558 --- [otp-bank] [tomcat-shutdown] o.s.boot.tomcat.GracefulShutdown         : Graceful shutdown complete
2026-03-15T04:44:01.551+03:00  INFO 61558 --- [otp-bank] [SpringApplicationShutdownHook] j.LocalContainerEntityManagerFactoryBean : Closing JPA EntityManagerFactory for persistence unit 'default'
2026-03-15T04:44:01.555+03:00  INFO 61558 --- [otp-bank] [SpringApplicationShutdownHook] com.zaxxer.hikari.HikariDataSource       : HikariPool-1 - Shutdown initiated...
2026-03-15T04:44:01.559+03:00  INFO 61558 --- [otp-bank] [SpringApplicationShutdownHook] com.zaxxer.hikari.HikariDataSource       : HikariPool-1 - Shutdown completed.
